2017-08-17T12:02:14.582+0800 I CONTROL  [initandlisten] MongoDB starting : pid=6016 port=27019 dbpath=E:/1class/LastLap/vue-shop/mongodb/db 64-bit host=É§ÆøµÄµØÊó
2017-08-17T12:02:14.582+0800 I CONTROL  [initandlisten] targetMinOS: Windows 7/Windows Server 2008 R2
2017-08-17T12:02:14.582+0800 I CONTROL  [initandlisten] db version v3.4.6
2017-08-17T12:02:14.582+0800 I CONTROL  [initandlisten] git version: c55eb86ef46ee7aede3b1e2a5d184a7df4bfb5b5
2017-08-17T12:02:14.582+0800 I CONTROL  [initandlisten] OpenSSL version: OpenSSL 1.0.1u-fips  22 Sep 2016
2017-08-17T12:02:14.582+0800 I CONTROL  [initandlisten] allocator: tcmalloc
2017-08-17T12:02:14.582+0800 I CONTROL  [initandlisten] modules: none
2017-08-17T12:02:14.582+0800 I CONTROL  [initandlisten] build environment:
2017-08-17T12:02:14.583+0800 I CONTROL  [initandlisten]     distmod: 2008plus-ssl
2017-08-17T12:02:14.583+0800 I CONTROL  [initandlisten]     distarch: x86_64
2017-08-17T12:02:14.583+0800 I CONTROL  [initandlisten]     target_arch: x86_64
2017-08-17T12:02:14.583+0800 I CONTROL  [initandlisten] options: { config: "E:\1class\LastLap\vue-shop\config\mongodb.conf", net: { http: { enabled: false }, port: 27019 }, storage: { dbPath: "E:/1class/LastLap/vue-shop/mongodb/db" }, systemLog: { destination: "file", path: "E:/1class/LastLap/vue-shop/dialog/mongodb.log" } }
2017-08-17T12:02:14.695+0800 I -        [initandlisten] Detected data files in E:/1class/LastLap/vue-shop/mongodb/db created by the 'wiredTiger' storage engine, so setting the active storage engine to 'wiredTiger'.
2017-08-17T12:02:14.695+0800 I STORAGE  [initandlisten] wiredtiger_open config: create,cache_size=3540M,session_max=20000,eviction=(threads_min=4,threads_max=4),config_base=false,statistics=(fast),log=(enabled=true,archive=true,path=journal,compressor=snappy),file_manager=(close_idle_time=100000),checkpoint=(wait=60,log_size=2GB),statistics_log=(wait=0),
2017-08-17T12:02:16.212+0800 I CONTROL  [initandlisten] 
2017-08-17T12:02:16.212+0800 I CONTROL  [initandlisten] ** WARNING: Access control is not enabled for the database.
2017-08-17T12:02:16.212+0800 I CONTROL  [initandlisten] **          Read and write access to data and configuration is unrestricted.
2017-08-17T12:02:16.212+0800 I CONTROL  [initandlisten] 
2017-08-17T12:02:16.951+0800 I FTDC     [initandlisten] Initializing full-time diagnostic data capture with directory 'E:/1class/LastLap/vue-shop/mongodb/db/diagnostic.data'
2017-08-17T12:02:16.979+0800 I NETWORK  [thread1] waiting for connections on port 27019
2017-08-17T12:03:10.940+0800 I NETWORK  [thread1] connection accepted from 127.0.0.1:56902 #1 (1 connection now open)
2017-08-17T12:03:10.959+0800 I NETWORK  [conn1] received client metadata from 127.0.0.1:56902 conn1: { driver: { name: "nodejs", version: "2.2.30" }, os: { type: "Windows_NT", name: "win32", architecture: "x64", version: "10.0.10240" }, platform: "Node.js v8.1.2, LE, mongodb-core: 2.1.14" }
2017-08-17T12:07:42.509+0800 I -        [conn1] end connection 127.0.0.1:56902 (1 connection now open)
2017-08-17T12:07:48.849+0800 I CONTROL  [thread2] Ctrl-C signal
2017-08-17T12:07:48.849+0800 I CONTROL  [consoleTerminate] got CTRL_C_EVENT, will terminate after current cmd ends
2017-08-17T12:07:48.849+0800 I NETWORK  [consoleTerminate] shutdown: going to close listening sockets...
2017-08-17T12:07:48.849+0800 I NETWORK  [consoleTerminate] closing listening socket: 520
2017-08-17T12:07:48.849+0800 I NETWORK  [consoleTerminate] shutdown: going to flush diaglog...
2017-08-17T12:07:48.950+0800 I FTDC     [consoleTerminate] Shutting down full-time diagnostic data capture
2017-08-17T12:07:48.952+0800 I STORAGE  [consoleTerminate] WiredTigerKVEngine shutting down
2017-08-17T12:07:49.248+0800 I STORAGE  [consoleTerminate] shutdown: removing fs lock...
2017-08-17T12:07:49.248+0800 I CONTROL  [consoleTerminate] now exiting
2017-08-17T12:07:49.248+0800 I CONTROL  [consoleTerminate] shutting down with code:12
